#-----------------------------------------------------------
# Vivado v2018.2 (64-bit)
# SW Build 2258646 on Thu Jun 14 20:03:12 MDT 2018
# IP Build 2256618 on Thu Jun 14 22:10:49 MDT 2018
# Start of session at: Thu Jul 14 16:54:38 2022
# Process ID: 6936
# Current directory: C:/Users/Adithya/digital_design_labs/Nanoprocessor
# Command line: vivado.exe -gui_launcher_event rodinguilauncherevent13024 C:\Users\Adithya\digital_design_labs\Nanoprocessor\Nanoprocessor.xpr
# Log file: C:/Users/Adithya/digital_design_labs/Nanoprocessor/vivado.log
# Journal file: C:/Users/Adithya/digital_design_labs/Nanoprocessor\vivado.jou
#-----------------------------------------------------------
start_gui
open_project C:/Users/Adithya/digital_design_labs/Nanoprocessor/Nanoprocessor.xpr
Scanning sources...
Finished scanning sources
INFO: [IP_Flow 19-234] Refreshing IP repositories
INFO: [IP_Flow 19-1704] No user IP repositories specified
INFO: [IP_Flow 19-2313] Loaded Vivado IP repository 'C:/Xilinx/Vivado/2018.2/data/ip'.
update_compile_order -fileset sources_1
launch_simulation
INFO: [Vivado 12-5682] Launching behavioral simulation in 'C:/Users/Adithya/digital_design_labs/Nanoprocessor/Nanoprocessor.sim/sim_1/behav/xsim'
INFO: [SIM-utils-51] Simulation object is 'sim_1'
INFO: [SIM-utils-54] Inspecting design source files for 'Nanoprocessor_Sim' in fileset 'sim_1'...
INFO: [USF-XSim-97] Finding global include files...
INFO: [USF-XSim-98] Fetching design files from 'sim_1'...
INFO: [USF-XSim-2] XSim::Compile design
INFO: [USF-XSim-61] Executing 'COMPILE and ANALYZE' step in 'C:/Users/Adithya/digital_design_labs/Nanoprocessor/Nanoprocessor.sim/sim_1/behav/xsim'
"xvhdl --incr --relax -prj Nanoprocessor_Sim_vhdl.prj"
INFO: [VRFC 10-163] Analyzing VHDL file "C:/Users/Adithya/digital_design_labs/Nanoprocessor/Nanoprocessor.srcs/sources_1/new/Nanoprocessor_Group_11.vhd" into library xil_defaultlib
INFO: [VRFC 10-307] analyzing entity Nanoprocessor_Group_11
INFO: [USF-XSim-69] 'compile' step finished in '1' seconds
INFO: [USF-XSim-3] XSim::Elaborate design
INFO: [USF-XSim-61] Executing 'ELABORATE' step in 'C:/Users/Adithya/digital_design_labs/Nanoprocessor/Nanoprocessor.sim/sim_1/behav/xsim'
Vivado Simulator 2018.2
Copyright 1986-1999, 2001-2018 Xilinx, Inc. All Rights Reserved.
Running: C:/Xilinx/Vivado/2018.2/bin/unwrapped/win64.o/xelab.exe -wto 7c6d9fa3faff4e55980923b764a4d6cd --incr --debug typical --relax --mt 2 -L xil_defaultlib -L secureip --snapshot Nanoprocessor_Sim_behav xil_defaultlib.Nanoprocessor_Sim -log elaborate.log 
Using 2 slave threads.
Starting static elaboration
Completed static elaboration
Starting simulation data flow analysis
Completed simulation data flow analysis
Time Resolution for simulation is 1ps
Compiling package std.standard
Compiling package std.textio
Compiling package ieee.std_logic_1164
Compiling package ieee.numeric_std
Compiling architecture behavioral of entity xil_defaultlib.Slow_Clk [slow_clk_default]
Compiling architecture behavioral of entity xil_defaultlib.Decoder_2_to_4 [decoder_2_to_4_default]
Compiling architecture behavioral of entity xil_defaultlib.Decoder_3_to_8 [decoder_3_to_8_default]
Compiling architecture behavioral of entity xil_defaultlib.Reg [reg_default]
Compiling architecture behavioral of entity xil_defaultlib.Register_Bank [register_bank_default]
Compiling architecture behavioral of entity xil_defaultlib.D_FF [d_ff_default]
Compiling architecture behavioral of entity xil_defaultlib.Counter [counter_default]
Compiling architecture behavioral of entity xil_defaultlib.HA [ha_default]
Compiling architecture behavioral of entity xil_defaultlib.FA [fa_default]
Compiling architecture behavioral of entity xil_defaultlib.Adder_3bit [adder_3bit_default]
Compiling architecture behavioral of entity xil_defaultlib.RCA_4 [rca_4_default]
Compiling architecture behavioral of entity xil_defaultlib.ADD_SUB_4bit [add_sub_4bit_default]
Compiling architecture behavioral of entity xil_defaultlib.ID [id_default]
Compiling architecture behavioral of entity xil_defaultlib.Decoder_1_to_2 [decoder_1_to_2_default]
Compiling architecture behavioral of entity xil_defaultlib.MUX_2_1_3bit [mux_2_1_3bit_default]
Compiling architecture behavioral of entity xil_defaultlib.MUX_2_1_4bit [mux_2_1_4bit_default]
Compiling architecture behavioral of entity xil_defaultlib.MUX_8_1_4bit [mux_8_1_4bit_default]
Compiling architecture behavioral of entity xil_defaultlib.LUT_16_7 [lut_16_7_default]
Compiling architecture behavioral of entity xil_defaultlib.Nanoprocessor_Group_11 [nanoprocessor_group_11_default]
Compiling architecture behavioral of entity xil_defaultlib.nanoprocessor_sim
Built simulation snapshot Nanoprocessor_Sim_behav
INFO: [USF-XSim-69] 'elaborate' step finished in '2' seconds
INFO: [USF-XSim-4] XSim::Simulate design
INFO: [USF-XSim-61] Executing 'SIMULATE' step in 'C:/Users/Adithya/digital_design_labs/Nanoprocessor/Nanoprocessor.sim/sim_1/behav/xsim'
INFO: [USF-XSim-98] *** Running xsim
   with args "Nanoprocessor_Sim_behav -key {Behavioral:sim_1:Functional:Nanoprocessor_Sim} -tclbatch {Nanoprocessor_Sim.tcl} -view {C:/Users/Adithya/Desktop/Nanoprocessor_Sim_behav.wcfg} -log {simulate.log}"
INFO: [USF-XSim-8] Loading simulator feature
Vivado Simulator 2018.2
Time resolution is 1 ps
open_wave_config C:/Users/Adithya/Desktop/Nanoprocessor_Sim_behav.wcfg
source Nanoprocessor_Sim.tcl
# set curr_wave [current_wave_config]
# if { [string length $curr_wave] == 0 } {
#   if { [llength [get_objects]] > 0} {
#     add_wave /
#     set_property needs_save false [current_wave_config]
#   } else {
#      send_msg_id Add_Wave-1 WARNING "No top level signals found. Simulator will start without a wave window. If you want to open a wave window go to 'File->New Waveform Configuration' or type 'create_wave_config' in the TCL console."
#   }
# }
# run 1000ns
INFO: [USF-XSim-96] XSim completed. Design snapshot 'Nanoprocessor_Sim_behav' loaded.
INFO: [USF-XSim-97] XSim simulation ran for 1000ns
launch_simulation: Time (s): cpu = 00:00:05 ; elapsed = 00:00:06 . Memory (MB): peak = 935.957 ; gain = 2.965
close_sim
INFO: [Simtcl 6-16] Simulation closed
exit
INFO: [Common 17-206] Exiting Vivado at Thu Jul 14 16:58:19 2022...
